\BOOKMARK [1][-]{section.1}{\376\377\000A\000x\000i\000o\000m\000s\000\040\000o\000f\000\040\000P\000r\000o\000b\000a\000b\000i\000l\000i\000t\000y}{}% 1
\BOOKMARK [2][-]{subsection.1.1}{\376\377\000D\000e\000f\000i\000n\000i\000t\000i\000o\000n\000s}{section.1}% 2
\BOOKMARK [2][-]{subsection.1.2}{\376\377\000P\000r\000o\000b\000l\000e\000m\000s}{section.1}% 3
\BOOKMARK [1][-]{section.2}{\376\377\000D\000i\000s\000t\000r\000i\000b\000u\000t\000i\000o\000n\000\040\000o\000f\000\040\000t\000h\000e\000\040\000s\000u\000m\000\040\000o\000f\000\040\000r\000a\000n\000d\000o\000m\000\040\000v\000a\000r\000i\000a\000b\000l\000e\000s}{}% 4
\BOOKMARK [2][-]{subsection.2.1}{\376\377\000D\000e\000f\000i\000n\000i\000t\000i\000o\000n\000s}{section.2}% 5
\BOOKMARK [2][-]{subsection.2.2}{\376\377\000P\000r\000o\000b\000l\000e\000m}{section.2}% 6
\BOOKMARK [1][-]{section.3}{\376\377\000M\000o\000m\000e\000n\000t\000s\000\040\000a\000n\000d\000\040\000v\000a\000r\000i\000a\000n\000c\000e}{}% 7
\BOOKMARK [2][-]{subsection.3.1}{\376\377\000D\000e\000f\000i\000n\000i\000t\000i\000o\000n\000s}{section.3}% 8
\BOOKMARK [2][-]{subsection.3.2}{\376\377\000P\000r\000o\000b\000l\000e\000m\000s}{section.3}% 9
\BOOKMARK [1][-]{section.4}{\376\377\000C\000o\000n\000v\000o\000l\000u\000t\000i\000o\000n}{}% 10
\BOOKMARK [2][-]{subsection.4.1}{\376\377\000D\000e\000f\000i\000n\000i\000t\000i\000o\000n\000s}{section.4}% 11
\BOOKMARK [2][-]{subsection.4.2}{\376\377\000P\000r\000o\000b\000l\000e\000m\000s}{section.4}% 12
\BOOKMARK [1][-]{section.5}{\376\377\000Z\000-\000T\000r\000a\000n\000s\000f\000o\000r\000m\000\040\000A\000p\000p\000l\000i\000c\000a\000t\000i\000o\000n\000s}{}% 13
\BOOKMARK [2][-]{subsection.5.1}{\376\377\000D\000e\000f\000i\000n\000i\000t\000i\000o\000n\000s}{section.5}% 14
\BOOKMARK [2][-]{subsection.5.2}{\376\377\000P\000r\000o\000b\000l\000e\000m\000s}{section.5}% 15
\BOOKMARK [1][-]{section.6}{\376\377\000M\000a\000r\000k\000o\000v\000\040\000C\000h\000a\000i\000n}{}% 16
\BOOKMARK [2][-]{subsection.6.1}{\376\377\000D\000e\000f\000i\000n\000i\000t\000i\000o\000n\000s}{section.6}% 17
\BOOKMARK [2][-]{subsection.6.2}{\376\377\000P\000r\000o\000b\000l\000e\000m\000s}{section.6}% 18
\BOOKMARK [1][-]{section.7}{\376\377\000G\000a\000u\000s\000s\000i\000a\000n\000\040\000D\000i\000s\000t\000r\000i\000b\000u\000t\000i\000o\000n}{}% 19
\BOOKMARK [2][-]{subsection.7.1}{\376\377\000D\000e\000f\000i\000n\000i\000t\000i\000o\000n\000s}{section.7}% 20
\BOOKMARK [2][-]{subsection.7.2}{\376\377\000P\000r\000o\000b\000l\000e\000m\000s}{section.7}% 21
\BOOKMARK [1][-]{section.8}{\376\377\000B\000i\000v\000a\000r\000i\000a\000t\000e\000\040\000G\000a\000u\000s\000s\000i\000a\000n}{}% 22
\BOOKMARK [2][-]{subsection.8.1}{\376\377\000D\000e\000f\000i\000n\000i\000t\000i\000o\000n\000s}{section.8}% 23
\BOOKMARK [2][-]{subsection.8.2}{\376\377\000P\000r\000o\000b\000l\000e\000m\000s}{section.8}% 24
\BOOKMARK [1][-]{section.9}{\376\377\000T\000r\000a\000n\000s\000f\000o\000r\000m\000a\000t\000i\000o\000n\000\040\000o\000f\000\040\000R\000a\000n\000d\000o\000m\000\040\000V\000a\000r\000i\000a\000b\000l\000e\000s}{}% 25
\BOOKMARK [2][-]{subsection.9.1}{\376\377\000D\000e\000f\000i\000n\000i\000t\000i\000o\000n\000s}{section.9}% 26
\BOOKMARK [2][-]{subsection.9.2}{\376\377\000P\000r\000o\000b\000l\000e\000m\000s}{section.9}% 27
\BOOKMARK [1][-]{section.10}{\376\377\000O\000r\000d\000e\000r\000\040\000S\000t\000a\000t\000i\000s\000t\000i\000c\000s}{}% 28
\BOOKMARK [2][-]{subsection.10.1}{\376\377\000D\000e\000f\000i\000n\000i\000t\000i\000o\000n\000s}{section.10}% 29
\BOOKMARK [2][-]{subsection.10.2}{\376\377\000P\000r\000o\000b\000l\000e\000m\000s}{section.10}% 30
\BOOKMARK [1][-]{section.11}{\376\377\000S\000o\000m\000e\000\040\000d\000i\000s\000t\000r\000i\000b\000u\000t\000i\000o\000n\000s}{}% 31
\BOOKMARK [2][-]{subsection.11.1}{\376\377\000D\000e\000f\000i\000n\000i\000t\000i\000o\000n\000s}{section.11}% 32
\BOOKMARK [2][-]{subsection.11.2}{\376\377\000P\000r\000o\000b\000l\000e\000m\000s}{section.11}% 33
\BOOKMARK [1][-]{section.12}{\376\377\000I\000n\000e\000q\000u\000a\000l\000i\000t\000i\000e\000s}{}% 34
\BOOKMARK [2][-]{subsection.12.1}{\376\377\000D\000e\000f\000i\000n\000i\000t\000i\000o\000n\000s}{section.12}% 35
\BOOKMARK [2][-]{subsection.12.2}{\376\377\000P\000r\000o\000b\000l\000e\000m\000s}{section.12}% 36
